<?xml version="1.0" encoding="UTF-8"?>
<!-- Generated by org.testng.reporters.JUnitXMLReporter -->
<testsuite hostname="ZL-MU-MT-MAC139.local" name="Android_AppLaunch" tests="2" failures="1" timestamp="4 Dec 2020 19:04:34 GMT" time="169.882" errors="0">
  <testcase name="@BeforeTest AppLaunch" time="0.0" classname="com.zee5.ApplicasterScripts.Android_AppLaunch">
    <skipped/>
  </testcase> <!-- @BeforeTest AppLaunch -->
  <testcase name="@AfterTest tearDownApp" time="0.0" classname="com.zee5.ApplicasterScripts.Android_AppLaunch">
    <skipped/>
  </testcase> <!-- @AfterTest tearDownApp -->
  <testcase name="accessDeviceLocation" time="0.004" classname="com.zee5.ApplicasterScripts.Android_AppLaunch">
    <skipped/>
  </testcase> <!-- accessDeviceLocation -->
  <testcase name="accessDeviceLocation" time="0.007" classname="com.zee5.ApplicasterScripts.Android_AppLaunch">
    <failure type="java.lang.IllegalArgumentException" message="nodeName cannot be null or empty">
      <![CDATA[java.lang.IllegalArgumentException: nodeName cannot be null or empty
	at com.aventstack.extentreports.ExtentTest.createNode(ExtentTest.java:166)
	at com.aventstack.extentreports.ExtentTest.createNode(ExtentTest.java:274)
	at com.extent.ExtentReporter.HeaderChildNode(ExtentReporter.java:176)
	at com.extent.ExtentReporter.onTestSkipped(ExtentReporter.java:168)
... Removed 21 stack frames]]>
    </failure>
  </testcase> <!-- accessDeviceLocation -->
</testsuite> <!-- Android_AppLaunch -->
