<?xml version="1.0" encoding="UTF-8"?>
<!-- Generated by org.testng.reporters.JUnitXMLReporter -->
<testsuite hostname="ZL-MU-MT-MAC139.local" name="Android_AppLaunch" tests="5" failures="2" timestamp="3 Dec 2020 05:45:03 GMT" time="157.596" errors="0">
  <testcase name="accessDeviceLocation" time="31.293" classname="com.zee5.ApplicasterScripts.Android_AppLaunch"/>
  <testcase name="Login" time="19.964" classname="com.zee5.ApplicasterScripts.Android_AppLaunch"/>
  <testcase name="offlineScreenValidation" time="0.005" classname="com.zee5.ApplicasterScripts.Android_AppLaunch">
    <failure type="java.lang.NullPointerException">
      <![CDATA[java.lang.NullPointerException
	at com.utility.Utilities.TurnOFFWifi(Utilities.java:1799)
	at com.business.zee.Zee5ApplicasterBusinessLogic.offlineScreenValidation(Zee5ApplicasterBusinessLogic.java:2784)
	at com.zee5.ApplicasterScripts.Android_AppLaunch.offlineScreenValidation(Android_AppLaunch.java:40)
... Removed 24 stack frames]]>
    </failure>
  </testcase> <!-- offlineScreenValidation -->
  <testcase name="ValidateFieldsAfterRelaunch" time="90.001" classname="com.zee5.ApplicasterScripts.Android_AppLaunch">
    <skipped/>
  </testcase> <!-- ValidateFieldsAfterRelaunch -->
  <testcase name="ValidateFieldsAfterRelaunch" time="90.002" classname="com.zee5.ApplicasterScripts.Android_AppLaunch">
    <failure type="java.lang.IllegalArgumentException" message="nodeName cannot be null or empty">
      <![CDATA[java.lang.IllegalArgumentException: nodeName cannot be null or empty
	at com.aventstack.extentreports.ExtentTest.createNode(ExtentTest.java:166)
	at com.aventstack.extentreports.ExtentTest.createNode(ExtentTest.java:274)
	at com.extent.ExtentReporter.HeaderChildNode(ExtentReporter.java:176)
	at com.extent.ExtentReporter.onTestSkipped(ExtentReporter.java:168)
... Removed 21 stack frames]]>
    </failure>
  </testcase> <!-- ValidateFieldsAfterRelaunch -->
</testsuite> <!-- Android_AppLaunch -->
