<?xml version="1.0" encoding="UTF-8"?>
<testng-results skipped="0" failed="1" total="4" passed="3">
  <reporter-output>
  </reporter-output>
  <suite name="Android" duration-ms="790172" started-at="2020-12-02T07:10:06Z" finished-at="2020-12-02T07:23:16Z">
    <groups>
    </groups>
    <test name="Android_AppLaunch" duration-ms="790172" started-at="2020-12-02T07:10:06Z" finished-at="2020-12-02T07:23:16Z">
      <class name="com.zee5.ApplicasterScripts.Android_AppLaunch">
        <test-method status="PASS" signature="AppLaunch()[pri:0, instance:com.zee5.ApplicasterScripts.Android_AppLaunch@687e99d8]" name="AppLaunch" is-config="true" duration-ms="8741" started-at="2020-12-02T12:40:14Z" finished-at="2020-12-02T12:40:23Z">
          <reporter-output>
          </reporter-output>
        </test-method> <!-- AppLaunch -->
        <test-method status="PASS" signature="accessDeviceLocation(java.lang.String)[pri:0, instance:com.zee5.ApplicasterScripts.Android_AppLaunch@687e99d8]" name="accessDeviceLocation" duration-ms="31562" started-at="2020-12-02T12:40:23Z" finished-at="2020-12-02T12:40:55Z">
          <params>
            <param index="0">
              <value>
                <![CDATA[NonSubscribedUser]]>
              </value>
            </param>
          </params>
          <reporter-output>
          </reporter-output>
        </test-method> <!-- accessDeviceLocation -->
        <test-method status="PASS" signature="Login(java.lang.String)[pri:1, instance:com.zee5.ApplicasterScripts.Android_AppLaunch@687e99d8]" name="Login" duration-ms="319468" started-at="2020-12-02T12:40:55Z" finished-at="2020-12-02T12:46:14Z">
          <params>
            <param index="0">
              <value>
                <![CDATA[NonSubscribedUser]]>
              </value>
            </param>
          </params>
          <reporter-output>
          </reporter-output>
        </test-method> <!-- Login -->
        <test-method status="FAIL" signature="offlineScreenValidation()[pri:2, instance:com.zee5.ApplicasterScripts.Android_AppLaunch@687e99d8]" name="offlineScreenValidation" duration-ms="6" started-at="2020-12-02T12:46:15Z" finished-at="2020-12-02T12:46:15Z">
          <exception class="java.lang.NullPointerException">
            <full-stacktrace>
              <![CDATA[java.lang.NullPointerException
	at com.utility.Utilities.TurnOFFWifi(Utilities.java:1799)
	at com.business.zee.Zee5ApplicasterBusinessLogic.offlineScreenValidation(Zee5ApplicasterBusinessLogic.java:2784)
	at com.zee5.ApplicasterScripts.Android_AppLaunch.offlineScreenValidation(Android_AppLaunch.java:40)
	at sun.reflect.NativeMethodAccessorImpl.invoke0(Native Method)
	at sun.reflect.NativeMethodAccessorImpl.invoke(NativeMethodAccessorImpl.java:62)
	at sun.reflect.DelegatingMethodAccessorImpl.invoke(DelegatingMethodAccessorImpl.java:43)
	at java.lang.reflect.Method.invoke(Method.java:498)
	at org.testng.internal.MethodInvocationHelper.invokeMethod(MethodInvocationHelper.java:86)
	at org.testng.internal.Invoker.invokeMethod(Invoker.java:643)
	at org.testng.internal.Invoker.invokeTestMethod(Invoker.java:820)
	at org.testng.internal.Invoker.invokeTestMethods(Invoker.java:1128)
	at org.testng.internal.TestMethodWorker.invokeTestMethods(TestMethodWorker.java:129)
	at org.testng.internal.TestMethodWorker.run(TestMethodWorker.java:112)
	at org.testng.TestRunner.privateRun(TestRunner.java:782)
	at org.testng.TestRunner.run(TestRunner.java:632)
	at org.testng.SuiteRunner.runTest(SuiteRunner.java:366)
	at org.testng.SuiteRunner.runSequentially(SuiteRunner.java:361)
	at org.testng.SuiteRunner.privateRun(SuiteRunner.java:319)
	at org.testng.SuiteRunner.run(SuiteRunner.java:268)
	at org.testng.SuiteRunnerWorker.runSuite(SuiteRunnerWorker.java:52)
	at org.testng.SuiteRunnerWorker.run(SuiteRunnerWorker.java:86)
	at org.testng.TestNG.runSuitesSequentially(TestNG.java:1244)
	at org.testng.TestNG.runSuitesLocally(TestNG.java:1169)
	at org.testng.TestNG.run(TestNG.java:1064)
	at org.testng.remote.AbstractRemoteTestNG.run(AbstractRemoteTestNG.java:115)
	at org.testng.remote.RemoteTestNG.initAndRun(RemoteTestNG.java:251)
	at org.testng.remote.RemoteTestNG.main(RemoteTestNG.java:77)
]]>
            </full-stacktrace>
          </exception> <!-- java.lang.NullPointerException -->
          <reporter-output>
          </reporter-output>
        </test-method> <!-- offlineScreenValidation -->
        <test-method status="PASS" signature="ValidateFieldsAfterRelaunch(java.lang.String)[pri:3, instance:com.zee5.ApplicasterScripts.Android_AppLaunch@687e99d8]" name="ValidateFieldsAfterRelaunch" duration-ms="419178" started-at="2020-12-02T12:46:15Z" finished-at="2020-12-02T12:53:14Z">
          <params>
            <param index="0">
              <value>
                <![CDATA[NonSubscribedUser]]>
              </value>
            </param>
          </params>
          <reporter-output>
          </reporter-output>
        </test-method> <!-- ValidateFieldsAfterRelaunch -->
        <test-method status="PASS" signature="tearDownApp()[pri:0, instance:com.zee5.ApplicasterScripts.Android_AppLaunch@687e99d8]" name="tearDownApp" is-config="true" duration-ms="2175" started-at="2020-12-02T12:53:14Z" finished-at="2020-12-02T12:53:16Z">
          <reporter-output>
          </reporter-output>
        </test-method> <!-- tearDownApp -->
      </class> <!-- com.zee5.ApplicasterScripts.Android_AppLaunch -->
    </test> <!-- Android_AppLaunch -->
  </suite> <!-- Android -->
</testng-results>
